#
# There is insufficient memory for the Java Runtime Environment to continue.
# Native memory allocation (malloc) failed to allocate 1048576 bytes for AllocateHeap
# Possible reasons:
#   The system is out of physical RAM or swap space
#   In 32 bit mode, the process size limit was hit
# Possible solutions:
#   Reduce memory load on the system
#   Increase physical memory or swap space
#   Check if swap backing store is full
#   Use 64 bit Java on a 64 bit OS
#   Decrease Java heap size (-Xmx/-Xms)
#   Decrease number of Java threads
#   Decrease Java thread stack sizes (-Xss)
#   Set larger code cache with -XX:ReservedCodeCacheSize=
# This output file may be truncated or incomplete.
#
#  Out of Memory Error (memory/allocation.inline.hpp:61), pid=8480, tid=16256
#
# JRE version:  (8.0_91-b15) (build )
# Java VM: Java HotSpot(TM) 64-Bit Server VM (25.91-b15 mixed mode windows-amd64 compressed oops)
# Failed to write core dump. Minidumps are not enabled by default on client versions of Windows
#

---------------  T H R E A D  ---------------

Current thread (0x0000000002f8e800):  JavaThread "Unknown thread" [_thread_in_vm, id=16256, stack(0x0000000003110000,0x0000000003210000)]

Stack: [0x0000000003110000,0x0000000003210000]
[error occurred during error reporting (printing stack bounds), id 0xc0000005]

Native frames: (J=compiled Java code, j=interpreted, Vv=VM code, C=native code)


---------------  P R O C E S S  ---------------

Java Threads: ( => current thread )

Other Threads:

=>0x0000000002f8e800 (exited) JavaThread "Unknown thread" [_thread_in_vm, id=16256, stack(0x0000000003110000,0x0000000003210000)]

VM state:not at safepoint (normal execution)

VM Mutex/Monitor currently owned by a thread: None

Heap:
 PSYoungGen      total 38400K, used 665K [0x00000000eab00000, 0x00000000ed580000, 0x0000000100000000)
  eden space 33280K, 2% used [0x00000000eab00000,0x00000000eaba6670,0x00000000ecb80000)
  from space 5120K, 0% used [0x00000000ed080000,0x00000000ed080000,0x00000000ed580000)
  to   space 5120K, 0% used [0x00000000ecb80000,0x00000000ecb80000,0x00000000ed080000)
 ParOldGen       total 87552K, used 0K [0x00000000c0000000, 0x00000000c5580000, 0x00000000eab00000)
  object space 87552K, 0% used [0x00000000c0000000,0x00000000c0000000,0x00000000c5580000)
 Metaspace       used 769K, capacity 4480K, committed 4480K, reserved 1056768K
  class space    used 75K, capacity 384K, committed 384K, reserved 1048576K

Card table byte_map: [0x00000000126d0000,0x00000000128e0000] byte_map_base: 0x00000000120d0000

Marking Bits: (ParMarkBitMap*) 0x0000000072b32f70
 Begin Bits: [0x0000000013240000, 0x0000000014240000)
 End Bits:   [0x0000000014240000, 0x0000000015240000)

Polling page: 0x0000000002f70000

CodeCache: size=245760Kb used=328Kb max_used=328Kb free=245431Kb
 bounds [0x0000000003310000, 0x0000000003580000, 0x0000000012310000]
 total_blobs=58 nmethods=0 adapters=38
 compilation: enabled

Compilation events (0 events):
No events

GC Heap History (0 events):
No events

Deoptimization events (0 events):
No events

Internal exceptions (0 events):
No events

Events (10 events):
Event: 0.024 loading class java/lang/Short
Event: 0.024 loading class java/lang/Short done
Event: 0.024 loading class java/lang/Integer
Event: 0.024 loading class java/lang/Integer done
Event: 0.024 loading class java/lang/Long
Event: 0.024 loading class java/lang/Long done
Event: 0.025 loading class java/lang/NullPointerException
Event: 0.025 loading class java/lang/NullPointerException done
Event: 0.025 loading class java/lang/ArithmeticException
Event: 0.025 loading class java/lang/ArithmeticException done


Dynamic libraries:
0x00007ff6fa3c0000 - 0x00007ff6fa3f7000 	C:\Program Files\Java\jdk1.8.0_91\bin\java.exe
0x00007ffcfd8c0000 - 0x00007ffcfda91000 	C:\WINDOWS\SYSTEM32\ntdll.dll
0x00007ffcfae90000 - 0x00007ffcfaf3b000 	C:\WINDOWS\System32\KERNEL32.DLL
0x00007ffcfa720000 - 0x00007ffcfa93d000 	C:\WINDOWS\System32\KERNELBASE.dll
0x00007ffcfd5c0000 - 0x00007ffcfd662000 	C:\WINDOWS\System32\ADVAPI32.dll
0x00007ffcfd3c0000 - 0x00007ffcfd45e000 	C:\WINDOWS\System32\msvcrt.dll
0x00007ffcfd560000 - 0x00007ffcfd5b9000 	C:\WINDOWS\System32\sechost.dll
0x00007ffcfcdb0000 - 0x00007ffcfced1000 	C:\WINDOWS\System32\RPCRT4.dll
0x00007ffcfb080000 - 0x00007ffcfb1e5000 	C:\WINDOWS\System32\USER32.dll
0x00007ffcfa530000 - 0x00007ffcfa54e000 	C:\WINDOWS\System32\win32u.dll
0x00007ffcfae50000 - 0x00007ffcfae84000 	C:\WINDOWS\System32\GDI32.dll
0x00007ffcfacc0000 - 0x00007ffcfae42000 	C:\WINDOWS\System32\gdi32full.dll
0x00007ffcf1550000 - 0x00007ffcf17c9000 	C:\WINDOWS\WinSxS\amd64_microsoft.windows.common-controls_6595b64144ccf1df_6.0.14393.0_none_2d0f50fcbdb171b8\COMCTL32.dll
0x00007ffcfcf50000 - 0x00007ffcfd217000 	C:\WINDOWS\System32\combase.dll
0x00007ffcfa9f0000 - 0x00007ffcfaae5000 	C:\WINDOWS\System32\ucrtbase.dll
0x00007ffcfac50000 - 0x00007ffcfacba000 	C:\WINDOWS\System32\bcryptPrimitives.dll
0x00007ffcfb250000 - 0x00007ffcfb27e000 	C:\WINDOWS\System32\IMM32.DLL
0x0000000071ea0000 - 0x0000000071f72000 	C:\Program Files\Java\jdk1.8.0_91\jre\bin\msvcr100.dll
0x0000000072320000 - 0x0000000072bb3000 	C:\Program Files\Java\jdk1.8.0_91\jre\bin\server\jvm.dll
0x00007ffcfb000000 - 0x00007ffcfb008000 	C:\WINDOWS\System32\PSAPI.DLL
0x00007ffce7f70000 - 0x00007ffce7f79000 	C:\WINDOWS\SYSTEM32\WSOCK32.dll
0x00007ffcf81e0000 - 0x00007ffcf8203000 	C:\WINDOWS\SYSTEM32\WINMM.dll
0x00007ffcf4e20000 - 0x00007ffcf4e2a000 	C:\WINDOWS\SYSTEM32\VERSION.dll
0x00007ffcfcee0000 - 0x00007ffcfcf4a000 	C:\WINDOWS\System32\WS2_32.dll
0x0000000003000000 - 0x000000000302b000 	C:\WINDOWS\SYSTEM32\WINMMBASE.dll
0x00007ffcfaaf0000 - 0x00007ffcfab32000 	C:\WINDOWS\System32\cfgmgr32.dll
0x0000000072310000 - 0x000000007231f000 	C:\Program Files\Java\jdk1.8.0_91\jre\bin\verify.dll
0x00000000722e0000 - 0x0000000072309000 	C:\Program Files\Java\jdk1.8.0_91\jre\bin\java.dll
0x00000000722c0000 - 0x00000000722d6000 	C:\Program Files\Java\jdk1.8.0_91\jre\bin\zip.dll

VM Arguments:
jvm_args: -Xmx1024M -Dfile.encoding=windows-1251 -Duser.country=RU -Duser.language=ru -Duser.variant 
java_command: com.android.dx.command.Main --dex --num-threads=4 --output C:\Users\Artyom\AndroidStudioProjects\OpticalFiber\app\build\intermediates\dex\debug C:\Users\Artyom\AndroidStudioProjects\OpticalFiber\app\build\intermediates\classes\debug C:\Users\Artyom\AndroidStudioProjects\OpticalFiber\app\build\intermediates\pre-dexed\debug\support-annotations-24.0.0-e1666875a14b8a7d6d555cbaa8d744c0a3dbeb08.jar C:\Users\Artyom\AndroidStudioProjects\OpticalFiber\app\build\intermediates\pre-dexed\debug\classes-87f8ded528a8ce486f872144b9f4c89533251e4a.jar C:\Users\Artyom\AndroidStudioProjects\OpticalFiber\app\build\intermediates\pre-dexed\debug\classes-23b0359d080f4bfb1411a262cb1503ca0b628e8d.jar C:\Users\Artyom\AndroidStudioProjects\OpticalFiber\app\build\intermediates\pre-dexed\debug\internal_impl-24.0.0-c5467f11d9cb6ebc3bf449cdd6d5e0efde1a6749.jar C:\Users\Artyom\AndroidStudioProjects\OpticalFiber\app\build\intermediates\pre-dexed\debug\classes-e1ed1408fcd898b6bf53fe012af90112a11c446c.jar C:\Users\Artyom\AndroidStudioProjects\OpticalFiber\app\build\intermediates\pre-dexed\debug\classes-29a3b7ce54ae76deb948946efedde7733910412b.jar
java_class_path (initial): C:\Users\Artyom\AppData\Local\Android\sdk\build-tools\23.0.1\lib\dx.jar
Launcher Type: SUN_STANDARD

Environment Variables:
PATH=C:\Program Files (x86)\Common Files\Intel\Shared Libraries\redist\intel64\compiler;C:\Program Files (x86)\Python26\;C:\Program Files (x86)\NVIDIA Corporation\PhysX\Common;C:\ProgramData\Oracle\Java\javapath;C:\Program Files (x86)\Intel\iCLS Client\;C:\Program Files\Intel\iCLS Client\;C:\WINDOWS\system32;C:\WINDOWS;C:\WINDOWS\System32\Wbem;C:\WINDOWS\System32\WindowsPowerShell\v1.0\;C:\Program Files (x86)\Intel\OpenCL SDK\2.0\bin\x86;C:\Program Files (x86)\Intel\OpenCL SDK\2.0\bin\x64;C:\Program Files (x86)\QuickTime\QTSystem\;C:\Program Files\Microsoft SQL Server\110\Tools\Binn\;C:\OCV\build\x64\vc11\bin;C:\Program Files\Common Files\Autodesk Shared\;C:\Program Files\Intel\Intel(R) Management Engine Components\DAL;C:\Program Files\Intel\Intel(R) Management Engine Components\IPT;C:\Program Files (x86)\Intel\Intel(R) Management Engine Components\DAL;C:\Program Files (x86)\Intel\Intel(R) Management Engine Components\IPT;C:\Program Files (x86)\GtkSharp\2.12\bin;D:\Program Files\MATLAB\MATLAB Production Server\R2015a\runtime\win64;D:\Program Files\MATLAB\MATLAB Production Server\R2015a\bin;D:\Program Files\MATLAB\MATLAB Production Server\R2015a\polyspace\bin;C:\Program Files (x86)\Windows Kits\10\Windows Performance Toolkit\;c:\Program Files (x86)\Microsoft SQL Server\90\Tools\binn\;C:\Program Files (x86)\Common Files\Ulead Systems\MPEG;C:\VXIPNP\WinNT\Bin;C:\Program Files\Microsoft\Web Platform Installer\;C:\Program Files\Microsoft SQL Server\120\DTS\Binn\;C:\Program Files\Microsoft SQL Server\Client SDK\ODBC\110\Tools\Binn\;C:\Program Files (x86)\Microsoft SQL Server\120\Tools\Binn\;C:\Program Files\Microsoft SQL Server\120\Tools\Binn\;C:\Program Files (x86)\Microsoft SQL Server\120\Tools\Binn\ManagementStudio\;C:\Program Files (x86)\Microsoft SQL Server\120\DTS\Binn\;C:\Program Files (x86)\Skype\Phone\;C:\Emgu\emgucv-windesktop 3.1.0.2282\bin;C:\Users\Artyom\AppData\Local\Microsoft\WindowsApps;
USERNAME=Artyom
OS=Windows_NT
PROCESSOR_IDENTIFIER=Intel64 Family 6 Model 58 Stepping 9, GenuineIntel



---------------  S Y S T E M  ---------------

OS: Windows 10.0 , 64 bit Build 14393 (10.0.14393.0)

CPU:total 8 (4 cores per cpu, 2 threads per core) family 6 model 58 stepping 9, cmov, cx8, fxsr, mmx, sse, sse2, sse3, ssse3, sse4.1, sse4.2, popcnt, avx, aes, clmul, erms, ht, tsc, tscinvbit, tscinv

Memory: 4k page, physical 8275224k(1636264k free), swap 10372376k(5856k free)

vm_info: Java HotSpot(TM) 64-Bit Server VM (25.91-b15) for windows-amd64 JRE (1.8.0_91-b15), built on May 20 2016 17:43:15 by "java_re" with MS VC++ 10.0 (VS2010)

time: Sun Oct 30 17:10:25 2016
elapsed time: 0 seconds (0d 0h 0m 0s)

